<?xml version="1.0" encoding="UTF-8"?>
<testsuite xmlns:xsi="http://www.w3.org/2001/XMLSchema-instance" xsi:noNamespaceSchemaLocation="https://maven.apache.org/surefire/maven-surefire-plugin/xsd/surefire-test-report.xsd" version="3.0.2" name="org.acme.GreetingResourceTest" time="8.797" tests="1" errors="0" skipped="0" failures="0">
  <properties>
    <property name="java.specification.version" value="17"/>
    <property name="sun.cpu.isalist" value="amd64"/>
    <property name="test.url" value="http://localhost:8081"/>
    <property name="sun.jnu.encoding" value="Cp1252"/>
    <property name="io.quarkus.security.http.test-if-basic-auth-implicitly-required" value="true"/>
    <property name="java.class.path" value="C:\Users\isaia\OneDrive\Desktop\quarkus-api\target\test-classes;C:\Users\isaia\OneDrive\Desktop\quarkus-api\target\classes;C:\Users\isaia\.m2\repository\io\quarkus\quarkus-arc\3.14.4\quarkus-arc-3.14.4.jar;C:\Users\isaia\.m2\repository\io\quarkus\arc\arc\3.14.4\arc-3.14.4.jar;C:\Users\isaia\.m2\repository\jakarta\enterprise\jakarta.enterprise.cdi-api\4.1.0\jakarta.enterprise.cdi-api-4.1.0.jar;C:\Users\isaia\.m2\repository\jakarta\enterprise\jakarta.enterprise.lang-model\4.1.0\jakarta.enterprise.lang-model-4.1.0.jar;C:\Users\isaia\.m2\repository\jakarta\el\jakarta.el-api\5.0.1\jakarta.el-api-5.0.1.jar;C:\Users\isaia\.m2\repository\jakarta\transaction\jakarta.transaction-api\2.0.1\jakarta.transaction-api-2.0.1.jar;C:\Users\isaia\.m2\repository\io\smallrye\reactive\mutiny\2.6.2\mutiny-2.6.2.jar;C:\Users\isaia\.m2\repository\io\smallrye\common\smallrye-common-annotation\2.6.0\smallrye-common-annotation-2.6.0.jar;C:\Users\isaia\.m2\repository\org\jctools\jctools-core\4.0.5\jctools-core-4.0.5.jar;C:\Users\isaia\.m2\repository\io\quarkus\quarkus-core\3.14.4\quarkus-core-3.14.4.jar;C:\Users\isaia\.m2\repository\jakarta\inject\jakarta.inject-api\2.0.1\jakarta.inject-api-2.0.1.jar;C:\Users\isaia\.m2\repository\io\smallrye\common\smallrye-common-os\2.6.0\smallrye-common-os-2.6.0.jar;C:\Users\isaia\.m2\repository\io\quarkus\quarkus-ide-launcher\3.14.4\quarkus-ide-launcher-3.14.4.jar;C:\Users\isaia\.m2\repository\io\quarkus\quarkus-development-mode-spi\3.14.4\quarkus-development-mode-spi-3.14.4.jar;C:\Users\isaia\.m2\repository\io\smallrye\config\smallrye-config\3.9.1\smallrye-config-3.9.1.jar;C:\Users\isaia\.m2\repository\io\smallrye\config\smallrye-config-core\3.9.1\smallrye-config-core-3.9.1.jar;C:\Users\isaia\.m2\repository\io\smallrye\common\smallrye-common-classloader\2.6.0\smallrye-common-classloader-2.6.0.jar;C:\Users\isaia\.m2\repository\io\smallrye\config\smallrye-config-common\3.9.1\smallrye-config-common-3.9.1.jar;C:\Users\isaia\.m2\repository\org\jboss\logmanager\jboss-logmanager\3.0.6.Final\jboss-logmanager-3.0.6.Final.jar;C:\Users\isaia\.m2\repository\io\smallrye\common\smallrye-common-constraint\2.6.0\smallrye-common-constraint-2.6.0.jar;C:\Users\isaia\.m2\repository\io\smallrye\common\smallrye-common-cpu\2.6.0\smallrye-common-cpu-2.6.0.jar;C:\Users\isaia\.m2\repository\io\smallrye\common\smallrye-common-expression\2.6.0\smallrye-common-expression-2.6.0.jar;C:\Users\isaia\.m2\repository\io\smallrye\common\smallrye-common-function\2.6.0\smallrye-common-function-2.6.0.jar;C:\Users\isaia\.m2\repository\io\smallrye\common\smallrye-common-net\2.6.0\smallrye-common-net-2.6.0.jar;C:\Users\isaia\.m2\repository\io\smallrye\common\smallrye-common-ref\2.6.0\smallrye-common-ref-2.6.0.jar;C:\Users\isaia\.m2\repository\org\jboss\logging\jboss-logging-annotations\3.0.1.Final\jboss-logging-annotations-3.0.1.Final.jar;C:\Users\isaia\.m2\repository\org\jboss\threads\jboss-threads\3.6.1.Final\jboss-threads-3.6.1.Final.jar;C:\Users\isaia\.m2\repository\org\slf4j\slf4j-api\2.0.6\slf4j-api-2.0.6.jar;C:\Users\isaia\.m2\repository\org\jboss\slf4j\slf4j-jboss-logmanager\2.0.0.Final\slf4j-jboss-logmanager-2.0.0.Final.jar;C:\Users\isaia\.m2\repository\org\wildfly\common\wildfly-common\1.7.0.Final\wildfly-common-1.7.0.Final.jar;C:\Users\isaia\.m2\repository\io\quarkus\quarkus-bootstrap-runner\3.14.4\quarkus-bootstrap-runner-3.14.4.jar;C:\Users\isaia\.m2\repository\io\quarkus\quarkus-fs-util\0.0.10\quarkus-fs-util-0.0.10.jar;C:\Users\isaia\.m2\repository\org\eclipse\microprofile\context-propagation\microprofile-context-propagation-api\1.3\microprofile-context-propagation-api-1.3.jar;C:\Users\isaia\.m2\repository\io\quarkus\quarkus-junit5\3.14.4\quarkus-junit5-3.14.4.jar;C:\Users\isaia\.m2\repository\io\quarkus\quarkus-bootstrap-core\3.14.4\quarkus-bootstrap-core-3.14.4.jar;C:\Users\isaia\.m2\repository\io\quarkus\quarkus-classloader-commons\3.14.4\quarkus-classloader-commons-3.14.4.jar;C:\Users\isaia\.m2\repository\io\quarkus\quarkus-bootstrap-app-model\3.14.4\quarkus-bootstrap-app-model-3.14.4.jar;C:\Users\isaia\.m2\repository\io\smallrye\common\smallrye-common-io\2.6.0\smallrye-common-io-2.6.0.jar;C:\Users\isaia\.m2\repository\org\eclipse\sisu\org.eclipse.sisu.inject\0.9.0.M3\org.eclipse.sisu.inject-0.9.0.M3.jar;C:\Users\isaia\.m2\repository\io\quarkus\quarkus-test-common\3.14.4\quarkus-test-common-3.14.4.jar;C:\Users\isaia\.m2\repository\io\quarkus\quarkus-core-deployment\3.14.4\quarkus-core-deployment-3.14.4.jar;C:\Users\isaia\.m2\repository\org\aesh\readline\2.6\readline-2.6.jar;C:\Users\isaia\.m2\repository\org\fusesource\jansi\jansi\2.4.0\jansi-2.4.0.jar;C:\Users\isaia\.m2\repository\org\aesh\aesh\2.8.2\aesh-2.8.2.jar;C:\Users\isaia\.m2\repository\io\quarkus\gizmo\gizmo\1.8.0\gizmo-1.8.0.jar;C:\Users\isaia\.m2\repository\org\ow2\asm\asm-util\9.7\asm-util-9.7.jar;C:\Users\isaia\.m2\repository\org\ow2\asm\asm-analysis\9.7\asm-analysis-9.7.jar;C:\Users\isaia\.m2\repository\org\ow2\asm\asm\9.7\asm-9.7.jar;C:\Users\isaia\.m2\repository\org\ow2\asm\asm-commons\9.7\asm-commons-9.7.jar;C:\Users\isaia\.m2\repository\org\ow2\asm\asm-tree\9.7\asm-tree-9.7.jar;C:\Users\isaia\.m2\repository\io\quarkus\quarkus-hibernate-validator-spi\3.14.4\quarkus-hibernate-validator-spi-3.14.4.jar;C:\Users\isaia\.m2\repository\io\quarkus\quarkus-class-change-agent\3.14.4\quarkus-class-change-agent-3.14.4.jar;C:\Users\isaia\.m2\repository\io\quarkus\quarkus-devtools-utilities\3.14.4\quarkus-devtools-utilities-3.14.4.jar;C:\Users\isaia\.m2\repository\io\quarkus\quarkus-builder\3.14.4\quarkus-builder-3.14.4.jar;C:\Users\isaia\.m2\repository\org\graalvm\sdk\nativeimage\23.1.2\nativeimage-23.1.2.jar;C:\Users\isaia\.m2\repository\org\graalvm\sdk\word\23.1.2\word-23.1.2.jar;C:\Users\isaia\.m2\repository\org\junit\platform\junit-platform-launcher\1.10.3\junit-platform-launcher-1.10.3.jar;C:\Users\isaia\.m2\repository\io\quarkus\quarkus-bootstrap-maven-resolver\3.14.4\quarkus-bootstrap-maven-resolver-3.14.4.jar;C:\Users\isaia\.m2\repository\io\smallrye\beanbag\smallrye-beanbag-maven\1.5.2\smallrye-beanbag-maven-1.5.2.jar;C:\Users\isaia\.m2\repository\io\smallrye\beanbag\smallrye-beanbag-sisu\1.5.2\smallrye-beanbag-sisu-1.5.2.jar;C:\Users\isaia\.m2\repository\io\smallrye\beanbag\smallrye-beanbag\1.5.2\smallrye-beanbag-1.5.2.jar;C:\Users\isaia\.m2\repository\javax\inject\javax.inject\1\javax.inject-1.jar;C:\Users\isaia\.m2\repository\org\apache\maven\maven-artifact\3.9.8\maven-artifact-3.9.8.jar;C:\Users\isaia\.m2\repository\org\apache\maven\maven-builder-support\3.9.8\maven-builder-support-3.9.8.jar;C:\Users\isaia\.m2\repository\org\apache\maven\maven-model\3.9.8\maven-model-3.9.8.jar;C:\Users\isaia\.m2\repository\org\apache\maven\maven-model-builder\3.9.8\maven-model-builder-3.9.8.jar;C:\Users\isaia\.m2\repository\org\apache\maven\maven-repository-metadata\3.9.8\maven-repository-metadata-3.9.8.jar;C:\Users\isaia\.m2\repository\org\apache\maven\maven-settings\3.9.8\maven-settings-3.9.8.jar;C:\Users\isaia\.m2\repository\org\apache\maven\resolver\maven-resolver-api\1.9.22\maven-resolver-api-1.9.22.jar;C:\Users\isaia\.m2\repository\org\apache\maven\resolver\maven-resolver-impl\1.9.22\maven-resolver-impl-1.9.22.jar;C:\Users\isaia\.m2\repository\org\apache\maven\resolver\maven-resolver-named-locks\1.9.22\maven-resolver-named-locks-1.9.22.jar;C:\Users\isaia\.m2\repository\org\apache\maven\resolver\maven-resolver-spi\1.9.22\maven-resolver-spi-1.9.22.jar;C:\Users\isaia\.m2\repository\org\apache\maven\resolver\maven-resolver-util\1.9.22\maven-resolver-util-1.9.22.jar;C:\Users\isaia\.m2\repository\org\apache\maven\resolver\maven-resolver-transport-http\1.9.20\maven-resolver-transport-http-1.9.20.jar;C:\Users\isaia\.m2\repository\org\apache\maven\wagon\wagon-provider-api\3.5.3\wagon-provider-api-3.5.3.jar;C:\Users\isaia\.m2\repository\org\apache\maven\wagon\wagon-http-shared\3.5.3\wagon-http-shared-3.5.3.jar;C:\Users\isaia\.m2\repository\org\codehaus\plexus\plexus-interpolation\1.26\plexus-interpolation-1.26.jar;C:\Users\isaia\.m2\repository\org\codehaus\plexus\plexus-utils\3.5.1\plexus-utils-3.5.1.jar;C:\Users\isaia\.m2\repository\org\codehaus\plexus\plexus-xml\4.0.1\plexus-xml-4.0.1.jar;C:\Users\isaia\.m2\repository\org\apache\maven\maven-xml-impl\4.0.0-alpha-5\maven-xml-impl-4.0.0-alpha-5.jar;C:\Users\isaia\.m2\repository\org\apache\maven\maven-api-xml\4.0.0-alpha-5\maven-api-xml-4.0.0-alpha-5.jar;C:\Users\isaia\.m2\repository\org\apache\maven\maven-api-meta\4.0.0-alpha-5\maven-api-meta-4.0.0-alpha-5.jar;C:\Users\isaia\.m2\repository\org\codehaus\plexus\plexus-cipher\2.0\plexus-cipher-2.0.jar;C:\Users\isaia\.m2\repository\org\codehaus\plexus\plexus-sec-dispatcher\2.0\plexus-sec-dispatcher-2.0.jar;C:\Users\isaia\.m2\repository\org\apache\maven\maven-embedder\3.9.8\maven-embedder-3.9.8.jar;C:\Users\isaia\.m2\repository\org\apache\maven\maven-core\3.9.8\maven-core-3.9.8.jar;C:\Users\isaia\.m2\repository\org\codehaus\plexus\plexus-component-annotations\2.1.0\plexus-component-annotations-2.1.0.jar;C:\Users\isaia\.m2\repository\org\apache\maven\maven-plugin-api\3.9.8\maven-plugin-api-3.9.8.jar;C:\Users\isaia\.m2\repository\org\apache\maven\shared\maven-shared-utils\3.4.2\maven-shared-utils-3.4.2.jar;C:\Users\isaia\.m2\repository\com\google\inject\guice\5.1.0\guice-5.1.0.jar;C:\Users\isaia\.m2\repository\aopalliance\aopalliance\1.0\aopalliance-1.0.jar;C:\Users\isaia\.m2\repository\com\google\guava\guava\33.2.1-jre\guava-33.2.1-jre.jar;C:\Users\isaia\.m2\repository\com\google\guava\failureaccess\1.0.1\failureaccess-1.0.1.jar;C:\Users\isaia\.m2\repository\javax\annotation\javax.annotation-api\1.3.2\javax.annotation-api-1.3.2.jar;C:\Users\isaia\.m2\repository\org\codehaus\plexus\plexus-classworlds\2.6.0\plexus-classworlds-2.6.0.jar;C:\Users\isaia\.m2\repository\commons-cli\commons-cli\1.8.0\commons-cli-1.8.0.jar;C:\Users\isaia\.m2\repository\org\eclipse\sisu\org.eclipse.sisu.plexus\0.9.0.M3\org.eclipse.sisu.plexus-0.9.0.M3.jar;C:\Users\isaia\.m2\repository\org\apache\maven\maven-settings-builder\3.9.8\maven-settings-builder-3.9.8.jar;C:\Users\isaia\.m2\repository\org\apache\maven\maven-resolver-provider\3.9.8\maven-resolver-provider-3.9.8.jar;C:\Users\isaia\.m2\repository\org\apache\maven\resolver\maven-resolver-connector-basic\1.9.22\maven-resolver-connector-basic-1.9.22.jar;C:\Users\isaia\.m2\repository\org\apache\maven\resolver\maven-resolver-transport-wagon\1.9.22\maven-resolver-transport-wagon-1.9.22.jar;C:\Users\isaia\.m2\repository\org\apache\maven\wagon\wagon-http\3.5.3\wagon-http-3.5.3.jar;C:\Users\isaia\.m2\repository\org\apache\maven\wagon\wagon-file\3.5.3\wagon-file-3.5.3.jar;C:\Users\isaia\.m2\repository\io\quarkus\quarkus-bootstrap-gradle-resolver\3.14.4\quarkus-bootstrap-gradle-resolver-3.14.4.jar;C:\Users\isaia\.m2\repository\io\smallrye\jandex\3.2.2\jandex-3.2.2.jar;C:\Users\isaia\.m2\repository\commons-io\commons-io\2.16.1\commons-io-2.16.1.jar;C:\Users\isaia\.m2\repository\org\jboss\logging\commons-logging-jboss-logging\1.0.0.Final\commons-logging-jboss-logging-1.0.0.Final.jar;C:\Users\isaia\.m2\repository\io\quarkus\quarkus-junit5-properties\3.14.4\quarkus-junit5-properties-3.14.4.jar;C:\Users\isaia\.m2\repository\org\junit\jupiter\junit-jupiter\5.10.3\junit-jupiter-5.10.3.jar;C:\Users\isaia\.m2\repository\org\junit\jupiter\junit-jupiter-api\5.10.3\junit-jupiter-api-5.10.3.jar;C:\Users\isaia\.m2\repository\org\opentest4j\opentest4j\1.3.0\opentest4j-1.3.0.jar;C:\Users\isaia\.m2\repository\org\junit\platform\junit-platform-commons\1.10.3\junit-platform-commons-1.10.3.jar;C:\Users\isaia\.m2\repository\org\apiguardian\apiguardian-api\1.1.2\apiguardian-api-1.1.2.jar;C:\Users\isaia\.m2\repository\org\junit\jupiter\junit-jupiter-params\5.10.3\junit-jupiter-params-5.10.3.jar;C:\Users\isaia\.m2\repository\org\junit\jupiter\junit-jupiter-engine\5.10.3\junit-jupiter-engine-5.10.3.jar;C:\Users\isaia\.m2\repository\org\junit\platform\junit-platform-engine\1.10.3\junit-platform-engine-1.10.3.jar;C:\Users\isaia\.m2\repository\org\jboss\marshalling\jboss-marshalling\2.2.1.Final\jboss-marshalling-2.2.1.Final.jar;C:\Users\isaia\.m2\repository\io\rest-assured\rest-assured\5.5.0\rest-assured-5.5.0.jar;C:\Users\isaia\.m2\repository\org\apache\groovy\groovy\4.0.22\groovy-4.0.22.jar;C:\Users\isaia\.m2\repository\org\apache\groovy\groovy-xml\4.0.22\groovy-xml-4.0.22.jar;C:\Users\isaia\.m2\repository\org\apache\httpcomponents\httpclient\4.5.14\httpclient-4.5.14.jar;C:\Users\isaia\.m2\repository\org\apache\httpcomponents\httpcore\4.4.16\httpcore-4.4.16.jar;C:\Users\isaia\.m2\repository\commons-codec\commons-codec\1.17.1\commons-codec-1.17.1.jar;C:\Users\isaia\.m2\repository\org\apache\httpcomponents\httpmime\4.5.14\httpmime-4.5.14.jar;C:\Users\isaia\.m2\repository\org\hamcrest\hamcrest\2.2\hamcrest-2.2.jar;C:\Users\isaia\.m2\repository\org\ccil\cowan\tagsoup\tagsoup\1.2.1\tagsoup-1.2.1.jar;C:\Users\isaia\.m2\repository\io\rest-assured\json-path\5.5.0\json-path-5.5.0.jar;C:\Users\isaia\.m2\repository\org\apache\groovy\groovy-json\4.0.22\groovy-json-4.0.22.jar;C:\Users\isaia\.m2\repository\io\rest-assured\rest-assured-common\5.5.0\rest-assured-common-5.5.0.jar;C:\Users\isaia\.m2\repository\io\rest-assured\xml-path\5.5.0\xml-path-5.5.0.jar;C:\Users\isaia\.m2\repository\org\apache\commons\commons-lang3\3.14.0\commons-lang3-3.14.0.jar;C:\Users\isaia\.m2\repository\io\quarkus\quarkus-jdbc-postgresql\3.14.4\quarkus-jdbc-postgresql-3.14.4.jar;C:\Users\isaia\.m2\repository\org\postgresql\postgresql\42.7.4\postgresql-42.7.4.jar;C:\Users\isaia\.m2\repository\io\quarkus\quarkus-hibernate-orm-panache\3.14.4\quarkus-hibernate-orm-panache-3.14.4.jar;C:\Users\isaia\.m2\repository\io\quarkus\quarkus-hibernate-orm\3.14.4\quarkus-hibernate-orm-3.14.4.jar;C:\Users\isaia\.m2\repository\io\quarkus\quarkus-agroal\3.14.4\quarkus-agroal-3.14.4.jar;C:\Users\isaia\.m2\repository\io\quarkus\quarkus-datasource\3.14.4\quarkus-datasource-3.14.4.jar;C:\Users\isaia\.m2\repository\io\agroal\agroal-api\2.5\agroal-api-2.5.jar;C:\Users\isaia\.m2\repository\io\agroal\agroal-narayana\2.5\agroal-narayana-2.5.jar;C:\Users\isaia\.m2\repository\org\jboss\jboss-transaction-spi\8.0.0.Final\jboss-transaction-spi-8.0.0.Final.jar;C:\Users\isaia\.m2\repository\io\agroal\agroal-pool\2.5\agroal-pool-2.5.jar;C:\Users\isaia\.m2\repository\io\quarkus\quarkus-narayana-jta\3.14.4\quarkus-narayana-jta-3.14.4.jar;C:\Users\isaia\.m2\repository\io\quarkus\quarkus-transaction-annotations\3.14.4\quarkus-transaction-annotations-3.14.4.jar;C:\Users\isaia\.m2\repository\io\quarkus\quarkus-datasource-common\3.14.4\quarkus-datasource-common-3.14.4.jar;C:\Users\isaia\.m2\repository\io\smallrye\smallrye-context-propagation-jta\2.1.2\smallrye-context-propagation-jta-2.1.2.jar;C:\Users\isaia\.m2\repository\io\smallrye\reactive\smallrye-reactive-converter-api\3.0.1\smallrye-reactive-converter-api-3.0.1.jar;C:\Users\isaia\.m2\repository\org\reactivestreams\reactive-streams\1.0.4\reactive-streams-1.0.4.jar;C:\Users\isaia\.m2\repository\io\smallrye\reactive\smallrye-reactive-converter-mutiny\3.0.1\smallrye-reactive-converter-mutiny-3.0.1.jar;C:\Users\isaia\.m2\repository\io\smallrye\reactive\mutiny-zero-flow-adapters\1.1.0\mutiny-zero-flow-adapters-1.1.0.jar;C:\Users\isaia\.m2\repository\org\jboss\narayana\jta\narayana-jta\7.0.2.Final\narayana-jta-7.0.2.Final.jar;C:\Users\isaia\.m2\repository\jakarta\resource\jakarta.resource-api\2.1.0\jakarta.resource-api-2.1.0.jar;C:\Users\isaia\.m2\repository\org\jboss\invocation\jboss-invocation\2.0.0.Final\jboss-invocation-2.0.0.Final.jar;C:\Users\isaia\.m2\repository\org\eclipse\microprofile\reactive-streams-operators\microprofile-reactive-streams-operators-api\3.0\microprofile-reactive-streams-operators-api-3.0.jar;C:\Users\isaia\.m2\repository\org\jboss\narayana\jts\narayana-jts-integration\7.0.2.Final\narayana-jts-integration-7.0.2.Final.jar;C:\Users\isaia\.m2\repository\org\hibernate\orm\hibernate-core\6.6.0.Final\hibernate-core-6.6.0.Final.jar;C:\Users\isaia\.m2\repository\com\fasterxml\classmate\1.7.0\classmate-1.7.0.jar;C:\Users\isaia\.m2\repository\org\antlr\antlr4-runtime\4.13.0\antlr4-runtime-4.13.0.jar;C:\Users\isaia\.m2\repository\net\bytebuddy\byte-buddy\1.14.18\byte-buddy-1.14.18.jar;C:\Users\isaia\.m2\repository\org\hibernate\common\hibernate-commons-annotations\7.0.1.Final\hibernate-commons-annotations-7.0.1.Final.jar;C:\Users\isaia\.m2\repository\org\hibernate\orm\hibernate-graalvm\6.6.0.Final\hibernate-graalvm-6.6.0.Final.jar;C:\Users\isaia\.m2\repository\org\glassfish\jaxb\jaxb-runtime\4.0.5\jaxb-runtime-4.0.5.jar;C:\Users\isaia\.m2\repository\org\glassfish\jaxb\jaxb-core\4.0.5\jaxb-core-4.0.5.jar;C:\Users\isaia\.m2\repository\org\eclipse\angus\angus-activation\2.0.2\angus-activation-2.0.2.jar;C:\Users\isaia\.m2\repository\org\glassfish\jaxb\txw2\4.0.5\txw2-4.0.5.jar;C:\Users\isaia\.m2\repository\com\sun\istack\istack-commons-runtime\4.1.2\istack-commons-runtime-4.1.2.jar;C:\Users\isaia\.m2\repository\jakarta\xml\bind\jakarta.xml.bind-api\4.0.2\jakarta.xml.bind-api-4.0.2.jar;C:\Users\isaia\.m2\repository\jakarta\activation\jakarta.activation-api\2.1.3\jakarta.activation-api-2.1.3.jar;C:\Users\isaia\.m2\repository\jakarta\persistence\jakarta.persistence-api\3.1.0\jakarta.persistence-api-3.1.0.jar;C:\Users\isaia\.m2\repository\org\hibernate\quarkus-local-cache\0.3.0\quarkus-local-cache-0.3.0.jar;C:\Users\isaia\.m2\repository\io\quarkus\quarkus-caffeine\3.14.4\quarkus-caffeine-3.14.4.jar;C:\Users\isaia\.m2\repository\com\github\ben-manes\caffeine\caffeine\3.1.5\caffeine-3.1.5.jar;C:\Users\isaia\.m2\repository\com\google\errorprone\error_prone_annotations\2.30.0\error_prone_annotations-2.30.0.jar;C:\Users\isaia\.m2\repository\io\quarkus\quarkus-hibernate-orm-panache-common\3.14.4\quarkus-hibernate-orm-panache-common-3.14.4.jar;C:\Users\isaia\.m2\repository\io\quarkus\quarkus-panache-hibernate-common\3.14.4\quarkus-panache-hibernate-common-3.14.4.jar;C:\Users\isaia\.m2\repository\io\quarkus\quarkus-panache-common\3.14.4\quarkus-panache-common-3.14.4.jar;C:\Users\isaia\.m2\repository\io\quarkus\quarkus-smallrye-health\3.14.4\quarkus-smallrye-health-3.14.4.jar;C:\Users\isaia\.m2\repository\io\smallrye\smallrye-health\4.1.0\smallrye-health-4.1.0.jar;C:\Users\isaia\.m2\repository\org\eclipse\microprofile\health\microprofile-health-api\4.0.1\microprofile-health-api-4.0.1.jar;C:\Users\isaia\.m2\repository\io\smallrye\smallrye-health-api\4.1.0\smallrye-health-api-4.1.0.jar;C:\Users\isaia\.m2\repository\jakarta\json\jakarta.json-api\2.1.3\jakarta.json-api-2.1.3.jar;C:\Users\isaia\.m2\repository\io\smallrye\smallrye-health-provided-checks\4.1.0\smallrye-health-provided-checks-4.1.0.jar;C:\Users\isaia\.m2\repository\io\quarkus\quarkus-vertx-http\3.14.4\quarkus-vertx-http-3.14.4.jar;C:\Users\isaia\.m2\repository\io\quarkus\quarkus-security-runtime-spi\3.14.4\quarkus-security-runtime-spi-3.14.4.jar;C:\Users\isaia\.m2\repository\io\quarkus\quarkus-tls-registry\3.14.4\quarkus-tls-registry-3.14.4.jar;C:\Users\isaia\.m2\repository\io\quarkus\quarkus-credentials\3.14.4\quarkus-credentials-3.14.4.jar;C:\Users\isaia\.m2\repository\io\quarkus\quarkus-mutiny\3.14.4\quarkus-mutiny-3.14.4.jar;C:\Users\isaia\.m2\repository\io\quarkus\quarkus-smallrye-context-propagation\3.14.4\quarkus-smallrye-context-propagation-3.14.4.jar;C:\Users\isaia\.m2\repository\io\smallrye\smallrye-context-propagation\2.1.2\smallrye-context-propagation-2.1.2.jar;C:\Users\isaia\.m2\repository\io\smallrye\smallrye-context-propagation-api\2.1.2\smallrye-context-propagation-api-2.1.2.jar;C:\Users\isaia\.m2\repository\io\smallrye\smallrye-context-propagation-storage\2.1.2\smallrye-context-propagation-storage-2.1.2.jar;C:\Users\isaia\.m2\repository\io\smallrye\reactive\mutiny-smallrye-context-propagation\2.6.2\mutiny-smallrye-context-propagation-2.6.2.jar;C:\Users\isaia\.m2\repository\io\smallrye\common\smallrye-common-vertx-context\2.6.0\smallrye-common-vertx-context-2.6.0.jar;C:\Users\isaia\.m2\repository\io\vertx\vertx-core\4.5.10\vertx-core-4.5.10.jar;C:\Users\isaia\.m2\repository\io\netty\netty-common\4.1.111.Final\netty-common-4.1.111.Final.jar;C:\Users\isaia\.m2\repository\io\netty\netty-buffer\4.1.111.Final\netty-buffer-4.1.111.Final.jar;C:\Users\isaia\.m2\repository\io\netty\netty-transport\4.1.111.Final\netty-transport-4.1.111.Final.jar;C:\Users\isaia\.m2\repository\io\netty\netty-handler\4.1.111.Final\netty-handler-4.1.111.Final.jar;C:\Users\isaia\.m2\repository\io\netty\netty-transport-native-unix-common\4.1.111.Final\netty-transport-native-unix-common-4.1.111.Final.jar;C:\Users\isaia\.m2\repository\io\netty\netty-handler-proxy\4.1.111.Final\netty-handler-proxy-4.1.111.Final.jar;C:\Users\isaia\.m2\repository\io\netty\netty-codec-socks\4.1.111.Final\netty-codec-socks-4.1.111.Final.jar;C:\Users\isaia\.m2\repository\io\netty\netty-codec-http\4.1.111.Final\netty-codec-http-4.1.111.Final.jar;C:\Users\isaia\.m2\repository\io\netty\netty-codec-http2\4.1.111.Final\netty-codec-http2-4.1.111.Final.jar;C:\Users\isaia\.m2\repository\io\netty\netty-resolver\4.1.111.Final\netty-resolver-4.1.111.Final.jar;C:\Users\isaia\.m2\repository\io\netty\netty-resolver-dns\4.1.111.Final\netty-resolver-dns-4.1.111.Final.jar;C:\Users\isaia\.m2\repository\io\netty\netty-codec-dns\4.1.111.Final\netty-codec-dns-4.1.111.Final.jar;C:\Users\isaia\.m2\repository\io\quarkus\security\quarkus-security\2.1.0\quarkus-security-2.1.0.jar;C:\Users\isaia\.m2\repository\io\quarkus\quarkus-vertx\3.14.4\quarkus-vertx-3.14.4.jar;C:\Users\isaia\.m2\repository\io\quarkus\quarkus-netty\3.14.4\quarkus-netty-3.14.4.jar;C:\Users\isaia\.m2\repository\io\netty\netty-codec\4.1.111.Final\netty-codec-4.1.111.Final.jar;C:\Users\isaia\.m2\repository\com\aayushatharva\brotli4j\brotli4j\1.16.0\brotli4j-1.16.0.jar;C:\Users\isaia\.m2\repository\com\aayushatharva\brotli4j\service\1.16.0\service-1.16.0.jar;C:\Users\isaia\.m2\repository\com\aayushatharva\brotli4j\native-windows-x86_64\1.16.0\native-windows-x86_64-1.16.0.jar;C:\Users\isaia\.m2\repository\io\netty\netty-codec-haproxy\4.1.111.Final\netty-codec-haproxy-4.1.111.Final.jar;C:\Users\isaia\.m2\repository\io\quarkus\quarkus-vertx-latebound-mdc-provider\3.14.4\quarkus-vertx-latebound-mdc-provider-3.14.4.jar;C:\Users\isaia\.m2\repository\io\smallrye\reactive\smallrye-mutiny-vertx-core\3.15.0\smallrye-mutiny-vertx-core-3.15.0.jar;C:\Users\isaia\.m2\repository\io\smallrye\reactive\smallrye-mutiny-vertx-runtime\3.15.0\smallrye-mutiny-vertx-runtime-3.15.0.jar;C:\Users\isaia\.m2\repository\io\smallrye\reactive\vertx-mutiny-generator\3.15.0\vertx-mutiny-generator-3.15.0.jar;C:\Users\isaia\.m2\repository\io\vertx\vertx-codegen\4.5.10\vertx-codegen-4.5.10.jar;C:\Users\isaia\.m2\repository\io\smallrye\smallrye-fault-tolerance-vertx\6.4.0\smallrye-fault-tolerance-vertx-6.4.0.jar;C:\Users\isaia\.m2\repository\io\smallrye\reactive\smallrye-mutiny-vertx-web\3.15.0\smallrye-mutiny-vertx-web-3.15.0.jar;C:\Users\isaia\.m2\repository\io\smallrye\reactive\smallrye-mutiny-vertx-web-common\3.15.0\smallrye-mutiny-vertx-web-common-3.15.0.jar;C:\Users\isaia\.m2\repository\io\smallrye\reactive\smallrye-mutiny-vertx-auth-common\3.15.0\smallrye-mutiny-vertx-auth-common-3.15.0.jar;C:\Users\isaia\.m2\repository\io\smallrye\reactive\smallrye-mutiny-vertx-bridge-common\3.15.0\smallrye-mutiny-vertx-bridge-common-3.15.0.jar;C:\Users\isaia\.m2\repository\io\smallrye\reactive\smallrye-mutiny-vertx-uri-template\3.15.0\smallrye-mutiny-vertx-uri-template-3.15.0.jar;C:\Users\isaia\.m2\repository\io\vertx\vertx-uri-template\4.5.10\vertx-uri-template-4.5.10.jar;C:\Users\isaia\.m2\repository\io\vertx\vertx-web\4.5.10\vertx-web-4.5.10.jar;C:\Users\isaia\.m2\repository\io\vertx\vertx-web-common\4.5.10\vertx-web-common-4.5.10.jar;C:\Users\isaia\.m2\repository\io\vertx\vertx-auth-common\4.5.10\vertx-auth-common-4.5.10.jar;C:\Users\isaia\.m2\repository\io\vertx\vertx-bridge-common\4.5.10\vertx-bridge-common-4.5.10.jar;C:\Users\isaia\.m2\repository\io\github\crac\org-crac\0.1.3\org-crac-0.1.3.jar;C:\Users\isaia\.m2\repository\io\quarkus\quarkus-jsonp\3.14.4\quarkus-jsonp-3.14.4.jar;C:\Users\isaia\.m2\repository\org\eclipse\parsson\parsson\1.1.7\parsson-1.1.7.jar;C:\Users\isaia\.m2\repository\io\quarkus\quarkus-smallrye-jwt\3.14.4\quarkus-smallrye-jwt-3.14.4.jar;C:\Users\isaia\.m2\repository\io\smallrye\smallrye-jwt\4.5.3\smallrye-jwt-4.5.3.jar;C:\Users\isaia\.m2\repository\jakarta\annotation\jakarta.annotation-api\3.0.0\jakarta.annotation-api-3.0.0.jar;C:\Users\isaia\.m2\repository\io\quarkus\quarkus-security\3.14.4\quarkus-security-3.14.4.jar;C:\Users\isaia\.m2\repository\jakarta\interceptor\jakarta.interceptor-api\2.2.0\jakarta.interceptor-api-2.2.0.jar;C:\Users\isaia\.m2\repository\io\quarkus\quarkus-smallrye-jwt-build\3.14.4\quarkus-smallrye-jwt-build-3.14.4.jar;C:\Users\isaia\.m2\repository\org\mindrot\jbcrypt\0.4\jbcrypt-0.4.jar;C:\Users\isaia\.m2\repository\io\smallrye\smallrye-jwt-build\4.5.3\smallrye-jwt-build-4.5.3.jar;C:\Users\isaia\.m2\repository\org\eclipse\microprofile\config\microprofile-config-api\3.1\microprofile-config-api-3.1.jar;C:\Users\isaia\.m2\repository\org\eclipse\microprofile\jwt\microprofile-jwt-auth-api\2.1\microprofile-jwt-auth-api-2.1.jar;C:\Users\isaia\.m2\repository\org\bitbucket\b_c\jose4j\0.9.6\jose4j-0.9.6.jar;C:\Users\isaia\.m2\repository\io\smallrye\smallrye-jwt-common\4.5.3\smallrye-jwt-common-4.5.3.jar;C:\Users\isaia\.m2\repository\org\jboss\logging\jboss-logging\3.6.0.Final\jboss-logging-3.6.0.Final.jar;C:\Users\isaia\.m2\repository\io\quarkus\quarkus-rest-client-jackson\3.14.4\quarkus-rest-client-jackson-3.14.4.jar;C:\Users\isaia\.m2\repository\io\quarkus\resteasy\reactive\resteasy-reactive-jackson\3.14.4\resteasy-reactive-jackson-3.14.4.jar;C:\Users\isaia\.m2\repository\io\quarkus\resteasy\reactive\resteasy-reactive\3.14.4\resteasy-reactive-3.14.4.jar;C:\Users\isaia\.m2\repository\io\quarkus\resteasy\reactive\resteasy-reactive-common\3.14.4\resteasy-reactive-common-3.14.4.jar;C:\Users\isaia\.m2\repository\io\quarkus\resteasy\reactive\resteasy-reactive-common-types\3.14.4\resteasy-reactive-common-types-3.14.4.jar;C:\Users\isaia\.m2\repository\jakarta\ws\rs\jakarta.ws.rs-api\3.1.0\jakarta.ws.rs-api-3.1.0.jar;C:\Users\isaia\.m2\repository\com\fasterxml\jackson\core\jackson-databind\2.17.2\jackson-databind-2.17.2.jar;C:\Users\isaia\.m2\repository\com\fasterxml\jackson\core\jackson-annotations\2.17.2\jackson-annotations-2.17.2.jar;C:\Users\isaia\.m2\repository\com\fasterxml\jackson\core\jackson-core\2.17.2\jackson-core-2.17.2.jar;C:\Users\isaia\.m2\repository\io\quarkus\quarkus-rest-jackson-common\3.14.4\quarkus-rest-jackson-common-3.14.4.jar;C:\Users\isaia\.m2\repository\io\quarkus\quarkus-rest-common\3.14.4\quarkus-rest-common-3.14.4.jar;C:\Users\isaia\.m2\repository\io\quarkus\quarkus-jackson\3.14.4\quarkus-jackson-3.14.4.jar;C:\Users\isaia\.m2\repository\com\fasterxml\jackson\datatype\jackson-datatype-jsr310\2.17.2\jackson-datatype-jsr310-2.17.2.jar;C:\Users\isaia\.m2\repository\com\fasterxml\jackson\datatype\jackson-datatype-jdk8\2.17.2\jackson-datatype-jdk8-2.17.2.jar;C:\Users\isaia\.m2\repository\com\fasterxml\jackson\module\jackson-module-parameter-names\2.17.2\jackson-module-parameter-names-2.17.2.jar;C:\Users\isaia\.m2\repository\io\quarkus\quarkus-rest-client\3.14.4\quarkus-rest-client-3.14.4.jar;C:\Users\isaia\.m2\repository\io\quarkus\quarkus-rest-client-jaxrs\3.14.4\quarkus-rest-client-jaxrs-3.14.4.jar;C:\Users\isaia\.m2\repository\io\quarkus\resteasy\reactive\resteasy-reactive-client\3.14.4\resteasy-reactive-client-3.14.4.jar;C:\Users\isaia\.m2\repository\io\vertx\vertx-web-client\4.5.10\vertx-web-client-4.5.10.jar;C:\Users\isaia\.m2\repository\io\quarkus\quarkus-smallrye-stork\3.14.4\quarkus-smallrye-stork-3.14.4.jar;C:\Users\isaia\.m2\repository\io\quarkus\quarkus-rest-client-config\3.14.4\quarkus-rest-client-config-3.14.4.jar;C:\Users\isaia\.m2\repository\io\smallrye\stork\stork-api\2.6.1\stork-api-2.6.1.jar;C:\Users\isaia\.m2\repository\io\smallrye\stork\stork-core\2.6.1\stork-core-2.6.1.jar;C:\Users\isaia\.m2\repository\org\eclipse\microprofile\rest\client\microprofile-rest-client-api\3.0.1\microprofile-rest-client-api-3.0.1.jar;C:\Users\isaia\.m2\repository\io\quarkus\quarkus-rest-jackson\3.14.4\quarkus-rest-jackson-3.14.4.jar;C:\Users\isaia\.m2\repository\io\quarkus\quarkus-rest\3.14.4\quarkus-rest-3.14.4.jar;C:\Users\isaia\.m2\repository\io\quarkus\resteasy\reactive\resteasy-reactive-vertx\3.14.4\resteasy-reactive-vertx-3.14.4.jar;C:\Users\isaia\.m2\repository\io\quarkus\vertx\utils\quarkus-vertx-utils\3.14.4\quarkus-vertx-utils-3.14.4.jar;C:\Users\isaia\.m2\repository\io\quarkus\quarkus-virtual-threads\3.14.4\quarkus-virtual-threads-3.14.4.jar;"/>
    <property name="java.vm.vendor" value="Oracle Corporation"/>
    <property name="sun.arch.data.model" value="64"/>
    <property name="user.variant" value=""/>
    <property name="java.vendor.url" value="https://java.oracle.com/"/>
    <property name="user.timezone" value="America/La_Paz"/>
    <property name="logging.initial-configurator.min-level" value="500"/>
    <property name="os.name" value="Windows 11"/>
    <property name="java.vm.specification.version" value="17"/>
    <property name="sun.java.launcher" value="SUN_STANDARD"/>
    <property name="user.country" value="US"/>
    <property name="groovy.use.classvalue" value="false"/>
    <property name="sun.boot.library.path" value="C:\Program Files\Java\jdk-17\bin"/>
    <property name="sun.java.command" value="C:\Users\isaia\AppData\Local\Temp\surefire7365189658478124679\surefirebooter-20241027230641260_3.jar C:\Users\isaia\AppData\Local\Temp\surefire7365189658478124679 2024-10-27T23-06-41_140-jvmRun1 surefire-20241027230641260_1tmp surefire_0-20241027230641260_2tmp"/>
    <property name="jdk.debug" value="release"/>
    <property name="maven.home" value="C:\Program Files\apache-maven-3.9.9"/>
    <property name="surefire.test.class.path" value="C:\Users\isaia\OneDrive\Desktop\quarkus-api\target\test-classes;C:\Users\isaia\OneDrive\Desktop\quarkus-api\target\classes;C:\Users\isaia\.m2\repository\io\quarkus\quarkus-arc\3.14.4\quarkus-arc-3.14.4.jar;C:\Users\isaia\.m2\repository\io\quarkus\arc\arc\3.14.4\arc-3.14.4.jar;C:\Users\isaia\.m2\repository\jakarta\enterprise\jakarta.enterprise.cdi-api\4.1.0\jakarta.enterprise.cdi-api-4.1.0.jar;C:\Users\isaia\.m2\repository\jakarta\enterprise\jakarta.enterprise.lang-model\4.1.0\jakarta.enterprise.lang-model-4.1.0.jar;C:\Users\isaia\.m2\repository\jakarta\el\jakarta.el-api\5.0.1\jakarta.el-api-5.0.1.jar;C:\Users\isaia\.m2\repository\jakarta\transaction\jakarta.transaction-api\2.0.1\jakarta.transaction-api-2.0.1.jar;C:\Users\isaia\.m2\repository\io\smallrye\reactive\mutiny\2.6.2\mutiny-2.6.2.jar;C:\Users\isaia\.m2\repository\io\smallrye\common\smallrye-common-annotation\2.6.0\smallrye-common-annotation-2.6.0.jar;C:\Users\isaia\.m2\repository\org\jctools\jctools-core\4.0.5\jctools-core-4.0.5.jar;C:\Users\isaia\.m2\repository\io\quarkus\quarkus-core\3.14.4\quarkus-core-3.14.4.jar;C:\Users\isaia\.m2\repository\jakarta\inject\jakarta.inject-api\2.0.1\jakarta.inject-api-2.0.1.jar;C:\Users\isaia\.m2\repository\io\smallrye\common\smallrye-common-os\2.6.0\smallrye-common-os-2.6.0.jar;C:\Users\isaia\.m2\repository\io\quarkus\quarkus-ide-launcher\3.14.4\quarkus-ide-launcher-3.14.4.jar;C:\Users\isaia\.m2\repository\io\quarkus\quarkus-development-mode-spi\3.14.4\quarkus-development-mode-spi-3.14.4.jar;C:\Users\isaia\.m2\repository\io\smallrye\config\smallrye-config\3.9.1\smallrye-config-3.9.1.jar;C:\Users\isaia\.m2\repository\io\smallrye\config\smallrye-config-core\3.9.1\smallrye-config-core-3.9.1.jar;C:\Users\isaia\.m2\repository\io\smallrye\common\smallrye-common-classloader\2.6.0\smallrye-common-classloader-2.6.0.jar;C:\Users\isaia\.m2\repository\io\smallrye\config\smallrye-config-common\3.9.1\smallrye-config-common-3.9.1.jar;C:\Users\isaia\.m2\repository\org\jboss\logmanager\jboss-logmanager\3.0.6.Final\jboss-logmanager-3.0.6.Final.jar;C:\Users\isaia\.m2\repository\io\smallrye\common\smallrye-common-constraint\2.6.0\smallrye-common-constraint-2.6.0.jar;C:\Users\isaia\.m2\repository\io\smallrye\common\smallrye-common-cpu\2.6.0\smallrye-common-cpu-2.6.0.jar;C:\Users\isaia\.m2\repository\io\smallrye\common\smallrye-common-expression\2.6.0\smallrye-common-expression-2.6.0.jar;C:\Users\isaia\.m2\repository\io\smallrye\common\smallrye-common-function\2.6.0\smallrye-common-function-2.6.0.jar;C:\Users\isaia\.m2\repository\io\smallrye\common\smallrye-common-net\2.6.0\smallrye-common-net-2.6.0.jar;C:\Users\isaia\.m2\repository\io\smallrye\common\smallrye-common-ref\2.6.0\smallrye-common-ref-2.6.0.jar;C:\Users\isaia\.m2\repository\org\jboss\logging\jboss-logging-annotations\3.0.1.Final\jboss-logging-annotations-3.0.1.Final.jar;C:\Users\isaia\.m2\repository\org\jboss\threads\jboss-threads\3.6.1.Final\jboss-threads-3.6.1.Final.jar;C:\Users\isaia\.m2\repository\org\slf4j\slf4j-api\2.0.6\slf4j-api-2.0.6.jar;C:\Users\isaia\.m2\repository\org\jboss\slf4j\slf4j-jboss-logmanager\2.0.0.Final\slf4j-jboss-logmanager-2.0.0.Final.jar;C:\Users\isaia\.m2\repository\org\wildfly\common\wildfly-common\1.7.0.Final\wildfly-common-1.7.0.Final.jar;C:\Users\isaia\.m2\repository\io\quarkus\quarkus-bootstrap-runner\3.14.4\quarkus-bootstrap-runner-3.14.4.jar;C:\Users\isaia\.m2\repository\io\quarkus\quarkus-fs-util\0.0.10\quarkus-fs-util-0.0.10.jar;C:\Users\isaia\.m2\repository\org\eclipse\microprofile\context-propagation\microprofile-context-propagation-api\1.3\microprofile-context-propagation-api-1.3.jar;C:\Users\isaia\.m2\repository\io\quarkus\quarkus-junit5\3.14.4\quarkus-junit5-3.14.4.jar;C:\Users\isaia\.m2\repository\io\quarkus\quarkus-bootstrap-core\3.14.4\quarkus-bootstrap-core-3.14.4.jar;C:\Users\isaia\.m2\repository\io\quarkus\quarkus-classloader-commons\3.14.4\quarkus-classloader-commons-3.14.4.jar;C:\Users\isaia\.m2\repository\io\quarkus\quarkus-bootstrap-app-model\3.14.4\quarkus-bootstrap-app-model-3.14.4.jar;C:\Users\isaia\.m2\repository\io\smallrye\common\smallrye-common-io\2.6.0\smallrye-common-io-2.6.0.jar;C:\Users\isaia\.m2\repository\org\eclipse\sisu\org.eclipse.sisu.inject\0.9.0.M3\org.eclipse.sisu.inject-0.9.0.M3.jar;C:\Users\isaia\.m2\repository\io\quarkus\quarkus-test-common\3.14.4\quarkus-test-common-3.14.4.jar;C:\Users\isaia\.m2\repository\io\quarkus\quarkus-core-deployment\3.14.4\quarkus-core-deployment-3.14.4.jar;C:\Users\isaia\.m2\repository\org\aesh\readline\2.6\readline-2.6.jar;C:\Users\isaia\.m2\repository\org\fusesource\jansi\jansi\2.4.0\jansi-2.4.0.jar;C:\Users\isaia\.m2\repository\org\aesh\aesh\2.8.2\aesh-2.8.2.jar;C:\Users\isaia\.m2\repository\io\quarkus\gizmo\gizmo\1.8.0\gizmo-1.8.0.jar;C:\Users\isaia\.m2\repository\org\ow2\asm\asm-util\9.7\asm-util-9.7.jar;C:\Users\isaia\.m2\repository\org\ow2\asm\asm-analysis\9.7\asm-analysis-9.7.jar;C:\Users\isaia\.m2\repository\org\ow2\asm\asm\9.7\asm-9.7.jar;C:\Users\isaia\.m2\repository\org\ow2\asm\asm-commons\9.7\asm-commons-9.7.jar;C:\Users\isaia\.m2\repository\org\ow2\asm\asm-tree\9.7\asm-tree-9.7.jar;C:\Users\isaia\.m2\repository\io\quarkus\quarkus-hibernate-validator-spi\3.14.4\quarkus-hibernate-validator-spi-3.14.4.jar;C:\Users\isaia\.m2\repository\io\quarkus\quarkus-class-change-agent\3.14.4\quarkus-class-change-agent-3.14.4.jar;C:\Users\isaia\.m2\repository\io\quarkus\quarkus-devtools-utilities\3.14.4\quarkus-devtools-utilities-3.14.4.jar;C:\Users\isaia\.m2\repository\io\quarkus\quarkus-builder\3.14.4\quarkus-builder-3.14.4.jar;C:\Users\isaia\.m2\repository\org\graalvm\sdk\nativeimage\23.1.2\nativeimage-23.1.2.jar;C:\Users\isaia\.m2\repository\org\graalvm\sdk\word\23.1.2\word-23.1.2.jar;C:\Users\isaia\.m2\repository\org\junit\platform\junit-platform-launcher\1.10.3\junit-platform-launcher-1.10.3.jar;C:\Users\isaia\.m2\repository\io\quarkus\quarkus-bootstrap-maven-resolver\3.14.4\quarkus-bootstrap-maven-resolver-3.14.4.jar;C:\Users\isaia\.m2\repository\io\smallrye\beanbag\smallrye-beanbag-maven\1.5.2\smallrye-beanbag-maven-1.5.2.jar;C:\Users\isaia\.m2\repository\io\smallrye\beanbag\smallrye-beanbag-sisu\1.5.2\smallrye-beanbag-sisu-1.5.2.jar;C:\Users\isaia\.m2\repository\io\smallrye\beanbag\smallrye-beanbag\1.5.2\smallrye-beanbag-1.5.2.jar;C:\Users\isaia\.m2\repository\javax\inject\javax.inject\1\javax.inject-1.jar;C:\Users\isaia\.m2\repository\org\apache\maven\maven-artifact\3.9.8\maven-artifact-3.9.8.jar;C:\Users\isaia\.m2\repository\org\apache\maven\maven-builder-support\3.9.8\maven-builder-support-3.9.8.jar;C:\Users\isaia\.m2\repository\org\apache\maven\maven-model\3.9.8\maven-model-3.9.8.jar;C:\Users\isaia\.m2\repository\org\apache\maven\maven-model-builder\3.9.8\maven-model-builder-3.9.8.jar;C:\Users\isaia\.m2\repository\org\apache\maven\maven-repository-metadata\3.9.8\maven-repository-metadata-3.9.8.jar;C:\Users\isaia\.m2\repository\org\apache\maven\maven-settings\3.9.8\maven-settings-3.9.8.jar;C:\Users\isaia\.m2\repository\org\apache\maven\resolver\maven-resolver-api\1.9.22\maven-resolver-api-1.9.22.jar;C:\Users\isaia\.m2\repository\org\apache\maven\resolver\maven-resolver-impl\1.9.22\maven-resolver-impl-1.9.22.jar;C:\Users\isaia\.m2\repository\org\apache\maven\resolver\maven-resolver-named-locks\1.9.22\maven-resolver-named-locks-1.9.22.jar;C:\Users\isaia\.m2\repository\org\apache\maven\resolver\maven-resolver-spi\1.9.22\maven-resolver-spi-1.9.22.jar;C:\Users\isaia\.m2\repository\org\apache\maven\resolver\maven-resolver-util\1.9.22\maven-resolver-util-1.9.22.jar;C:\Users\isaia\.m2\repository\org\apache\maven\resolver\maven-resolver-transport-http\1.9.20\maven-resolver-transport-http-1.9.20.jar;C:\Users\isaia\.m2\repository\org\apache\maven\wagon\wagon-provider-api\3.5.3\wagon-provider-api-3.5.3.jar;C:\Users\isaia\.m2\repository\org\apache\maven\wagon\wagon-http-shared\3.5.3\wagon-http-shared-3.5.3.jar;C:\Users\isaia\.m2\repository\org\codehaus\plexus\plexus-interpolation\1.26\plexus-interpolation-1.26.jar;C:\Users\isaia\.m2\repository\org\codehaus\plexus\plexus-utils\3.5.1\plexus-utils-3.5.1.jar;C:\Users\isaia\.m2\repository\org\codehaus\plexus\plexus-xml\4.0.1\plexus-xml-4.0.1.jar;C:\Users\isaia\.m2\repository\org\apache\maven\maven-xml-impl\4.0.0-alpha-5\maven-xml-impl-4.0.0-alpha-5.jar;C:\Users\isaia\.m2\repository\org\apache\maven\maven-api-xml\4.0.0-alpha-5\maven-api-xml-4.0.0-alpha-5.jar;C:\Users\isaia\.m2\repository\org\apache\maven\maven-api-meta\4.0.0-alpha-5\maven-api-meta-4.0.0-alpha-5.jar;C:\Users\isaia\.m2\repository\org\codehaus\plexus\plexus-cipher\2.0\plexus-cipher-2.0.jar;C:\Users\isaia\.m2\repository\org\codehaus\plexus\plexus-sec-dispatcher\2.0\plexus-sec-dispatcher-2.0.jar;C:\Users\isaia\.m2\repository\org\apache\maven\maven-embedder\3.9.8\maven-embedder-3.9.8.jar;C:\Users\isaia\.m2\repository\org\apache\maven\maven-core\3.9.8\maven-core-3.9.8.jar;C:\Users\isaia\.m2\repository\org\codehaus\plexus\plexus-component-annotations\2.1.0\plexus-component-annotations-2.1.0.jar;C:\Users\isaia\.m2\repository\org\apache\maven\maven-plugin-api\3.9.8\maven-plugin-api-3.9.8.jar;C:\Users\isaia\.m2\repository\org\apache\maven\shared\maven-shared-utils\3.4.2\maven-shared-utils-3.4.2.jar;C:\Users\isaia\.m2\repository\com\google\inject\guice\5.1.0\guice-5.1.0.jar;C:\Users\isaia\.m2\repository\aopalliance\aopalliance\1.0\aopalliance-1.0.jar;C:\Users\isaia\.m2\repository\com\google\guava\guava\33.2.1-jre\guava-33.2.1-jre.jar;C:\Users\isaia\.m2\repository\com\google\guava\failureaccess\1.0.1\failureaccess-1.0.1.jar;C:\Users\isaia\.m2\repository\javax\annotation\javax.annotation-api\1.3.2\javax.annotation-api-1.3.2.jar;C:\Users\isaia\.m2\repository\org\codehaus\plexus\plexus-classworlds\2.6.0\plexus-classworlds-2.6.0.jar;C:\Users\isaia\.m2\repository\commons-cli\commons-cli\1.8.0\commons-cli-1.8.0.jar;C:\Users\isaia\.m2\repository\org\eclipse\sisu\org.eclipse.sisu.plexus\0.9.0.M3\org.eclipse.sisu.plexus-0.9.0.M3.jar;C:\Users\isaia\.m2\repository\org\apache\maven\maven-settings-builder\3.9.8\maven-settings-builder-3.9.8.jar;C:\Users\isaia\.m2\repository\org\apache\maven\maven-resolver-provider\3.9.8\maven-resolver-provider-3.9.8.jar;C:\Users\isaia\.m2\repository\org\apache\maven\resolver\maven-resolver-connector-basic\1.9.22\maven-resolver-connector-basic-1.9.22.jar;C:\Users\isaia\.m2\repository\org\apache\maven\resolver\maven-resolver-transport-wagon\1.9.22\maven-resolver-transport-wagon-1.9.22.jar;C:\Users\isaia\.m2\repository\org\apache\maven\wagon\wagon-http\3.5.3\wagon-http-3.5.3.jar;C:\Users\isaia\.m2\repository\org\apache\maven\wagon\wagon-file\3.5.3\wagon-file-3.5.3.jar;C:\Users\isaia\.m2\repository\io\quarkus\quarkus-bootstrap-gradle-resolver\3.14.4\quarkus-bootstrap-gradle-resolver-3.14.4.jar;C:\Users\isaia\.m2\repository\io\smallrye\jandex\3.2.2\jandex-3.2.2.jar;C:\Users\isaia\.m2\repository\commons-io\commons-io\2.16.1\commons-io-2.16.1.jar;C:\Users\isaia\.m2\repository\org\jboss\logging\commons-logging-jboss-logging\1.0.0.Final\commons-logging-jboss-logging-1.0.0.Final.jar;C:\Users\isaia\.m2\repository\io\quarkus\quarkus-junit5-properties\3.14.4\quarkus-junit5-properties-3.14.4.jar;C:\Users\isaia\.m2\repository\org\junit\jupiter\junit-jupiter\5.10.3\junit-jupiter-5.10.3.jar;C:\Users\isaia\.m2\repository\org\junit\jupiter\junit-jupiter-api\5.10.3\junit-jupiter-api-5.10.3.jar;C:\Users\isaia\.m2\repository\org\opentest4j\opentest4j\1.3.0\opentest4j-1.3.0.jar;C:\Users\isaia\.m2\repository\org\junit\platform\junit-platform-commons\1.10.3\junit-platform-commons-1.10.3.jar;C:\Users\isaia\.m2\repository\org\apiguardian\apiguardian-api\1.1.2\apiguardian-api-1.1.2.jar;C:\Users\isaia\.m2\repository\org\junit\jupiter\junit-jupiter-params\5.10.3\junit-jupiter-params-5.10.3.jar;C:\Users\isaia\.m2\repository\org\junit\jupiter\junit-jupiter-engine\5.10.3\junit-jupiter-engine-5.10.3.jar;C:\Users\isaia\.m2\repository\org\junit\platform\junit-platform-engine\1.10.3\junit-platform-engine-1.10.3.jar;C:\Users\isaia\.m2\repository\org\jboss\marshalling\jboss-marshalling\2.2.1.Final\jboss-marshalling-2.2.1.Final.jar;C:\Users\isaia\.m2\repository\io\rest-assured\rest-assured\5.5.0\rest-assured-5.5.0.jar;C:\Users\isaia\.m2\repository\org\apache\groovy\groovy\4.0.22\groovy-4.0.22.jar;C:\Users\isaia\.m2\repository\org\apache\groovy\groovy-xml\4.0.22\groovy-xml-4.0.22.jar;C:\Users\isaia\.m2\repository\org\apache\httpcomponents\httpclient\4.5.14\httpclient-4.5.14.jar;C:\Users\isaia\.m2\repository\org\apache\httpcomponents\httpcore\4.4.16\httpcore-4.4.16.jar;C:\Users\isaia\.m2\repository\commons-codec\commons-codec\1.17.1\commons-codec-1.17.1.jar;C:\Users\isaia\.m2\repository\org\apache\httpcomponents\httpmime\4.5.14\httpmime-4.5.14.jar;C:\Users\isaia\.m2\repository\org\hamcrest\hamcrest\2.2\hamcrest-2.2.jar;C:\Users\isaia\.m2\repository\org\ccil\cowan\tagsoup\tagsoup\1.2.1\tagsoup-1.2.1.jar;C:\Users\isaia\.m2\repository\io\rest-assured\json-path\5.5.0\json-path-5.5.0.jar;C:\Users\isaia\.m2\repository\org\apache\groovy\groovy-json\4.0.22\groovy-json-4.0.22.jar;C:\Users\isaia\.m2\repository\io\rest-assured\rest-assured-common\5.5.0\rest-assured-common-5.5.0.jar;C:\Users\isaia\.m2\repository\io\rest-assured\xml-path\5.5.0\xml-path-5.5.0.jar;C:\Users\isaia\.m2\repository\org\apache\commons\commons-lang3\3.14.0\commons-lang3-3.14.0.jar;C:\Users\isaia\.m2\repository\io\quarkus\quarkus-jdbc-postgresql\3.14.4\quarkus-jdbc-postgresql-3.14.4.jar;C:\Users\isaia\.m2\repository\org\postgresql\postgresql\42.7.4\postgresql-42.7.4.jar;C:\Users\isaia\.m2\repository\io\quarkus\quarkus-hibernate-orm-panache\3.14.4\quarkus-hibernate-orm-panache-3.14.4.jar;C:\Users\isaia\.m2\repository\io\quarkus\quarkus-hibernate-orm\3.14.4\quarkus-hibernate-orm-3.14.4.jar;C:\Users\isaia\.m2\repository\io\quarkus\quarkus-agroal\3.14.4\quarkus-agroal-3.14.4.jar;C:\Users\isaia\.m2\repository\io\quarkus\quarkus-datasource\3.14.4\quarkus-datasource-3.14.4.jar;C:\Users\isaia\.m2\repository\io\agroal\agroal-api\2.5\agroal-api-2.5.jar;C:\Users\isaia\.m2\repository\io\agroal\agroal-narayana\2.5\agroal-narayana-2.5.jar;C:\Users\isaia\.m2\repository\org\jboss\jboss-transaction-spi\8.0.0.Final\jboss-transaction-spi-8.0.0.Final.jar;C:\Users\isaia\.m2\repository\io\agroal\agroal-pool\2.5\agroal-pool-2.5.jar;C:\Users\isaia\.m2\repository\io\quarkus\quarkus-narayana-jta\3.14.4\quarkus-narayana-jta-3.14.4.jar;C:\Users\isaia\.m2\repository\io\quarkus\quarkus-transaction-annotations\3.14.4\quarkus-transaction-annotations-3.14.4.jar;C:\Users\isaia\.m2\repository\io\quarkus\quarkus-datasource-common\3.14.4\quarkus-datasource-common-3.14.4.jar;C:\Users\isaia\.m2\repository\io\smallrye\smallrye-context-propagation-jta\2.1.2\smallrye-context-propagation-jta-2.1.2.jar;C:\Users\isaia\.m2\repository\io\smallrye\reactive\smallrye-reactive-converter-api\3.0.1\smallrye-reactive-converter-api-3.0.1.jar;C:\Users\isaia\.m2\repository\org\reactivestreams\reactive-streams\1.0.4\reactive-streams-1.0.4.jar;C:\Users\isaia\.m2\repository\io\smallrye\reactive\smallrye-reactive-converter-mutiny\3.0.1\smallrye-reactive-converter-mutiny-3.0.1.jar;C:\Users\isaia\.m2\repository\io\smallrye\reactive\mutiny-zero-flow-adapters\1.1.0\mutiny-zero-flow-adapters-1.1.0.jar;C:\Users\isaia\.m2\repository\org\jboss\narayana\jta\narayana-jta\7.0.2.Final\narayana-jta-7.0.2.Final.jar;C:\Users\isaia\.m2\repository\jakarta\resource\jakarta.resource-api\2.1.0\jakarta.resource-api-2.1.0.jar;C:\Users\isaia\.m2\repository\org\jboss\invocation\jboss-invocation\2.0.0.Final\jboss-invocation-2.0.0.Final.jar;C:\Users\isaia\.m2\repository\org\eclipse\microprofile\reactive-streams-operators\microprofile-reactive-streams-operators-api\3.0\microprofile-reactive-streams-operators-api-3.0.jar;C:\Users\isaia\.m2\repository\org\jboss\narayana\jts\narayana-jts-integration\7.0.2.Final\narayana-jts-integration-7.0.2.Final.jar;C:\Users\isaia\.m2\repository\org\hibernate\orm\hibernate-core\6.6.0.Final\hibernate-core-6.6.0.Final.jar;C:\Users\isaia\.m2\repository\com\fasterxml\classmate\1.7.0\classmate-1.7.0.jar;C:\Users\isaia\.m2\repository\org\antlr\antlr4-runtime\4.13.0\antlr4-runtime-4.13.0.jar;C:\Users\isaia\.m2\repository\net\bytebuddy\byte-buddy\1.14.18\byte-buddy-1.14.18.jar;C:\Users\isaia\.m2\repository\org\hibernate\common\hibernate-commons-annotations\7.0.1.Final\hibernate-commons-annotations-7.0.1.Final.jar;C:\Users\isaia\.m2\repository\org\hibernate\orm\hibernate-graalvm\6.6.0.Final\hibernate-graalvm-6.6.0.Final.jar;C:\Users\isaia\.m2\repository\org\glassfish\jaxb\jaxb-runtime\4.0.5\jaxb-runtime-4.0.5.jar;C:\Users\isaia\.m2\repository\org\glassfish\jaxb\jaxb-core\4.0.5\jaxb-core-4.0.5.jar;C:\Users\isaia\.m2\repository\org\eclipse\angus\angus-activation\2.0.2\angus-activation-2.0.2.jar;C:\Users\isaia\.m2\repository\org\glassfish\jaxb\txw2\4.0.5\txw2-4.0.5.jar;C:\Users\isaia\.m2\repository\com\sun\istack\istack-commons-runtime\4.1.2\istack-commons-runtime-4.1.2.jar;C:\Users\isaia\.m2\repository\jakarta\xml\bind\jakarta.xml.bind-api\4.0.2\jakarta.xml.bind-api-4.0.2.jar;C:\Users\isaia\.m2\repository\jakarta\activation\jakarta.activation-api\2.1.3\jakarta.activation-api-2.1.3.jar;C:\Users\isaia\.m2\repository\jakarta\persistence\jakarta.persistence-api\3.1.0\jakarta.persistence-api-3.1.0.jar;C:\Users\isaia\.m2\repository\org\hibernate\quarkus-local-cache\0.3.0\quarkus-local-cache-0.3.0.jar;C:\Users\isaia\.m2\repository\io\quarkus\quarkus-caffeine\3.14.4\quarkus-caffeine-3.14.4.jar;C:\Users\isaia\.m2\repository\com\github\ben-manes\caffeine\caffeine\3.1.5\caffeine-3.1.5.jar;C:\Users\isaia\.m2\repository\com\google\errorprone\error_prone_annotations\2.30.0\error_prone_annotations-2.30.0.jar;C:\Users\isaia\.m2\repository\io\quarkus\quarkus-hibernate-orm-panache-common\3.14.4\quarkus-hibernate-orm-panache-common-3.14.4.jar;C:\Users\isaia\.m2\repository\io\quarkus\quarkus-panache-hibernate-common\3.14.4\quarkus-panache-hibernate-common-3.14.4.jar;C:\Users\isaia\.m2\repository\io\quarkus\quarkus-panache-common\3.14.4\quarkus-panache-common-3.14.4.jar;C:\Users\isaia\.m2\repository\io\quarkus\quarkus-smallrye-health\3.14.4\quarkus-smallrye-health-3.14.4.jar;C:\Users\isaia\.m2\repository\io\smallrye\smallrye-health\4.1.0\smallrye-health-4.1.0.jar;C:\Users\isaia\.m2\repository\org\eclipse\microprofile\health\microprofile-health-api\4.0.1\microprofile-health-api-4.0.1.jar;C:\Users\isaia\.m2\repository\io\smallrye\smallrye-health-api\4.1.0\smallrye-health-api-4.1.0.jar;C:\Users\isaia\.m2\repository\jakarta\json\jakarta.json-api\2.1.3\jakarta.json-api-2.1.3.jar;C:\Users\isaia\.m2\repository\io\smallrye\smallrye-health-provided-checks\4.1.0\smallrye-health-provided-checks-4.1.0.jar;C:\Users\isaia\.m2\repository\io\quarkus\quarkus-vertx-http\3.14.4\quarkus-vertx-http-3.14.4.jar;C:\Users\isaia\.m2\repository\io\quarkus\quarkus-security-runtime-spi\3.14.4\quarkus-security-runtime-spi-3.14.4.jar;C:\Users\isaia\.m2\repository\io\quarkus\quarkus-tls-registry\3.14.4\quarkus-tls-registry-3.14.4.jar;C:\Users\isaia\.m2\repository\io\quarkus\quarkus-credentials\3.14.4\quarkus-credentials-3.14.4.jar;C:\Users\isaia\.m2\repository\io\quarkus\quarkus-mutiny\3.14.4\quarkus-mutiny-3.14.4.jar;C:\Users\isaia\.m2\repository\io\quarkus\quarkus-smallrye-context-propagation\3.14.4\quarkus-smallrye-context-propagation-3.14.4.jar;C:\Users\isaia\.m2\repository\io\smallrye\smallrye-context-propagation\2.1.2\smallrye-context-propagation-2.1.2.jar;C:\Users\isaia\.m2\repository\io\smallrye\smallrye-context-propagation-api\2.1.2\smallrye-context-propagation-api-2.1.2.jar;C:\Users\isaia\.m2\repository\io\smallrye\smallrye-context-propagation-storage\2.1.2\smallrye-context-propagation-storage-2.1.2.jar;C:\Users\isaia\.m2\repository\io\smallrye\reactive\mutiny-smallrye-context-propagation\2.6.2\mutiny-smallrye-context-propagation-2.6.2.jar;C:\Users\isaia\.m2\repository\io\smallrye\common\smallrye-common-vertx-context\2.6.0\smallrye-common-vertx-context-2.6.0.jar;C:\Users\isaia\.m2\repository\io\vertx\vertx-core\4.5.10\vertx-core-4.5.10.jar;C:\Users\isaia\.m2\repository\io\netty\netty-common\4.1.111.Final\netty-common-4.1.111.Final.jar;C:\Users\isaia\.m2\repository\io\netty\netty-buffer\4.1.111.Final\netty-buffer-4.1.111.Final.jar;C:\Users\isaia\.m2\repository\io\netty\netty-transport\4.1.111.Final\netty-transport-4.1.111.Final.jar;C:\Users\isaia\.m2\repository\io\netty\netty-handler\4.1.111.Final\netty-handler-4.1.111.Final.jar;C:\Users\isaia\.m2\repository\io\netty\netty-transport-native-unix-common\4.1.111.Final\netty-transport-native-unix-common-4.1.111.Final.jar;C:\Users\isaia\.m2\repository\io\netty\netty-handler-proxy\4.1.111.Final\netty-handler-proxy-4.1.111.Final.jar;C:\Users\isaia\.m2\repository\io\netty\netty-codec-socks\4.1.111.Final\netty-codec-socks-4.1.111.Final.jar;C:\Users\isaia\.m2\repository\io\netty\netty-codec-http\4.1.111.Final\netty-codec-http-4.1.111.Final.jar;C:\Users\isaia\.m2\repository\io\netty\netty-codec-http2\4.1.111.Final\netty-codec-http2-4.1.111.Final.jar;C:\Users\isaia\.m2\repository\io\netty\netty-resolver\4.1.111.Final\netty-resolver-4.1.111.Final.jar;C:\Users\isaia\.m2\repository\io\netty\netty-resolver-dns\4.1.111.Final\netty-resolver-dns-4.1.111.Final.jar;C:\Users\isaia\.m2\repository\io\netty\netty-codec-dns\4.1.111.Final\netty-codec-dns-4.1.111.Final.jar;C:\Users\isaia\.m2\repository\io\quarkus\security\quarkus-security\2.1.0\quarkus-security-2.1.0.jar;C:\Users\isaia\.m2\repository\io\quarkus\quarkus-vertx\3.14.4\quarkus-vertx-3.14.4.jar;C:\Users\isaia\.m2\repository\io\quarkus\quarkus-netty\3.14.4\quarkus-netty-3.14.4.jar;C:\Users\isaia\.m2\repository\io\netty\netty-codec\4.1.111.Final\netty-codec-4.1.111.Final.jar;C:\Users\isaia\.m2\repository\com\aayushatharva\brotli4j\brotli4j\1.16.0\brotli4j-1.16.0.jar;C:\Users\isaia\.m2\repository\com\aayushatharva\brotli4j\service\1.16.0\service-1.16.0.jar;C:\Users\isaia\.m2\repository\com\aayushatharva\brotli4j\native-windows-x86_64\1.16.0\native-windows-x86_64-1.16.0.jar;C:\Users\isaia\.m2\repository\io\netty\netty-codec-haproxy\4.1.111.Final\netty-codec-haproxy-4.1.111.Final.jar;C:\Users\isaia\.m2\repository\io\quarkus\quarkus-vertx-latebound-mdc-provider\3.14.4\quarkus-vertx-latebound-mdc-provider-3.14.4.jar;C:\Users\isaia\.m2\repository\io\smallrye\reactive\smallrye-mutiny-vertx-core\3.15.0\smallrye-mutiny-vertx-core-3.15.0.jar;C:\Users\isaia\.m2\repository\io\smallrye\reactive\smallrye-mutiny-vertx-runtime\3.15.0\smallrye-mutiny-vertx-runtime-3.15.0.jar;C:\Users\isaia\.m2\repository\io\smallrye\reactive\vertx-mutiny-generator\3.15.0\vertx-mutiny-generator-3.15.0.jar;C:\Users\isaia\.m2\repository\io\vertx\vertx-codegen\4.5.10\vertx-codegen-4.5.10.jar;C:\Users\isaia\.m2\repository\io\smallrye\smallrye-fault-tolerance-vertx\6.4.0\smallrye-fault-tolerance-vertx-6.4.0.jar;C:\Users\isaia\.m2\repository\io\smallrye\reactive\smallrye-mutiny-vertx-web\3.15.0\smallrye-mutiny-vertx-web-3.15.0.jar;C:\Users\isaia\.m2\repository\io\smallrye\reactive\smallrye-mutiny-vertx-web-common\3.15.0\smallrye-mutiny-vertx-web-common-3.15.0.jar;C:\Users\isaia\.m2\repository\io\smallrye\reactive\smallrye-mutiny-vertx-auth-common\3.15.0\smallrye-mutiny-vertx-auth-common-3.15.0.jar;C:\Users\isaia\.m2\repository\io\smallrye\reactive\smallrye-mutiny-vertx-bridge-common\3.15.0\smallrye-mutiny-vertx-bridge-common-3.15.0.jar;C:\Users\isaia\.m2\repository\io\smallrye\reactive\smallrye-mutiny-vertx-uri-template\3.15.0\smallrye-mutiny-vertx-uri-template-3.15.0.jar;C:\Users\isaia\.m2\repository\io\vertx\vertx-uri-template\4.5.10\vertx-uri-template-4.5.10.jar;C:\Users\isaia\.m2\repository\io\vertx\vertx-web\4.5.10\vertx-web-4.5.10.jar;C:\Users\isaia\.m2\repository\io\vertx\vertx-web-common\4.5.10\vertx-web-common-4.5.10.jar;C:\Users\isaia\.m2\repository\io\vertx\vertx-auth-common\4.5.10\vertx-auth-common-4.5.10.jar;C:\Users\isaia\.m2\repository\io\vertx\vertx-bridge-common\4.5.10\vertx-bridge-common-4.5.10.jar;C:\Users\isaia\.m2\repository\io\github\crac\org-crac\0.1.3\org-crac-0.1.3.jar;C:\Users\isaia\.m2\repository\io\quarkus\quarkus-jsonp\3.14.4\quarkus-jsonp-3.14.4.jar;C:\Users\isaia\.m2\repository\org\eclipse\parsson\parsson\1.1.7\parsson-1.1.7.jar;C:\Users\isaia\.m2\repository\io\quarkus\quarkus-smallrye-jwt\3.14.4\quarkus-smallrye-jwt-3.14.4.jar;C:\Users\isaia\.m2\repository\io\smallrye\smallrye-jwt\4.5.3\smallrye-jwt-4.5.3.jar;C:\Users\isaia\.m2\repository\jakarta\annotation\jakarta.annotation-api\3.0.0\jakarta.annotation-api-3.0.0.jar;C:\Users\isaia\.m2\repository\io\quarkus\quarkus-security\3.14.4\quarkus-security-3.14.4.jar;C:\Users\isaia\.m2\repository\jakarta\interceptor\jakarta.interceptor-api\2.2.0\jakarta.interceptor-api-2.2.0.jar;C:\Users\isaia\.m2\repository\io\quarkus\quarkus-smallrye-jwt-build\3.14.4\quarkus-smallrye-jwt-build-3.14.4.jar;C:\Users\isaia\.m2\repository\org\mindrot\jbcrypt\0.4\jbcrypt-0.4.jar;C:\Users\isaia\.m2\repository\io\smallrye\smallrye-jwt-build\4.5.3\smallrye-jwt-build-4.5.3.jar;C:\Users\isaia\.m2\repository\org\eclipse\microprofile\config\microprofile-config-api\3.1\microprofile-config-api-3.1.jar;C:\Users\isaia\.m2\repository\org\eclipse\microprofile\jwt\microprofile-jwt-auth-api\2.1\microprofile-jwt-auth-api-2.1.jar;C:\Users\isaia\.m2\repository\org\bitbucket\b_c\jose4j\0.9.6\jose4j-0.9.6.jar;C:\Users\isaia\.m2\repository\io\smallrye\smallrye-jwt-common\4.5.3\smallrye-jwt-common-4.5.3.jar;C:\Users\isaia\.m2\repository\org\jboss\logging\jboss-logging\3.6.0.Final\jboss-logging-3.6.0.Final.jar;C:\Users\isaia\.m2\repository\io\quarkus\quarkus-rest-client-jackson\3.14.4\quarkus-rest-client-jackson-3.14.4.jar;C:\Users\isaia\.m2\repository\io\quarkus\resteasy\reactive\resteasy-reactive-jackson\3.14.4\resteasy-reactive-jackson-3.14.4.jar;C:\Users\isaia\.m2\repository\io\quarkus\resteasy\reactive\resteasy-reactive\3.14.4\resteasy-reactive-3.14.4.jar;C:\Users\isaia\.m2\repository\io\quarkus\resteasy\reactive\resteasy-reactive-common\3.14.4\resteasy-reactive-common-3.14.4.jar;C:\Users\isaia\.m2\repository\io\quarkus\resteasy\reactive\resteasy-reactive-common-types\3.14.4\resteasy-reactive-common-types-3.14.4.jar;C:\Users\isaia\.m2\repository\jakarta\ws\rs\jakarta.ws.rs-api\3.1.0\jakarta.ws.rs-api-3.1.0.jar;C:\Users\isaia\.m2\repository\com\fasterxml\jackson\core\jackson-databind\2.17.2\jackson-databind-2.17.2.jar;C:\Users\isaia\.m2\repository\com\fasterxml\jackson\core\jackson-annotations\2.17.2\jackson-annotations-2.17.2.jar;C:\Users\isaia\.m2\repository\com\fasterxml\jackson\core\jackson-core\2.17.2\jackson-core-2.17.2.jar;C:\Users\isaia\.m2\repository\io\quarkus\quarkus-rest-jackson-common\3.14.4\quarkus-rest-jackson-common-3.14.4.jar;C:\Users\isaia\.m2\repository\io\quarkus\quarkus-rest-common\3.14.4\quarkus-rest-common-3.14.4.jar;C:\Users\isaia\.m2\repository\io\quarkus\quarkus-jackson\3.14.4\quarkus-jackson-3.14.4.jar;C:\Users\isaia\.m2\repository\com\fasterxml\jackson\datatype\jackson-datatype-jsr310\2.17.2\jackson-datatype-jsr310-2.17.2.jar;C:\Users\isaia\.m2\repository\com\fasterxml\jackson\datatype\jackson-datatype-jdk8\2.17.2\jackson-datatype-jdk8-2.17.2.jar;C:\Users\isaia\.m2\repository\com\fasterxml\jackson\module\jackson-module-parameter-names\2.17.2\jackson-module-parameter-names-2.17.2.jar;C:\Users\isaia\.m2\repository\io\quarkus\quarkus-rest-client\3.14.4\quarkus-rest-client-3.14.4.jar;C:\Users\isaia\.m2\repository\io\quarkus\quarkus-rest-client-jaxrs\3.14.4\quarkus-rest-client-jaxrs-3.14.4.jar;C:\Users\isaia\.m2\repository\io\quarkus\resteasy\reactive\resteasy-reactive-client\3.14.4\resteasy-reactive-client-3.14.4.jar;C:\Users\isaia\.m2\repository\io\vertx\vertx-web-client\4.5.10\vertx-web-client-4.5.10.jar;C:\Users\isaia\.m2\repository\io\quarkus\quarkus-smallrye-stork\3.14.4\quarkus-smallrye-stork-3.14.4.jar;C:\Users\isaia\.m2\repository\io\quarkus\quarkus-rest-client-config\3.14.4\quarkus-rest-client-config-3.14.4.jar;C:\Users\isaia\.m2\repository\io\smallrye\stork\stork-api\2.6.1\stork-api-2.6.1.jar;C:\Users\isaia\.m2\repository\io\smallrye\stork\stork-core\2.6.1\stork-core-2.6.1.jar;C:\Users\isaia\.m2\repository\org\eclipse\microprofile\rest\client\microprofile-rest-client-api\3.0.1\microprofile-rest-client-api-3.0.1.jar;C:\Users\isaia\.m2\repository\io\quarkus\quarkus-rest-jackson\3.14.4\quarkus-rest-jackson-3.14.4.jar;C:\Users\isaia\.m2\repository\io\quarkus\quarkus-rest\3.14.4\quarkus-rest-3.14.4.jar;C:\Users\isaia\.m2\repository\io\quarkus\resteasy\reactive\resteasy-reactive-vertx\3.14.4\resteasy-reactive-vertx-3.14.4.jar;C:\Users\isaia\.m2\repository\io\quarkus\vertx\utils\quarkus-vertx-utils\3.14.4\quarkus-vertx-utils-3.14.4.jar;C:\Users\isaia\.m2\repository\io\quarkus\quarkus-virtual-threads\3.14.4\quarkus-virtual-threads-3.14.4.jar;"/>
    <property name="sun.cpu.endian" value="little"/>
    <property name="vertx.disableWebsockets" value="true"/>
    <property name="user.home" value="C:\Users\isaia"/>
    <property name="user.language" value="en"/>
    <property name="jboss.log-version" value="false"/>
    <property name="java.specification.vendor" value="Oracle Corporation"/>
    <property name="io.netty.allocator.maxOrder" value="3"/>
    <property name="java.version.date" value="2024-07-16"/>
    <property name="java.home" value="C:\Program Files\Java\jdk-17"/>
    <property name="file.separator" value="\"/>
    <property name="basedir" value="C:\Users\isaia\OneDrive\Desktop\quarkus-api"/>
    <property name="java.vm.compressedOopsMode" value="Zero based"/>
    <property name="line.separator" value="&#10;"/>
    <property name="java.vm.specification.vendor" value="Oracle Corporation"/>
    <property name="java.specification.name" value="Java Platform API Specification"/>
    <property name="surefire.real.class.path" value="C:\Users\isaia\AppData\Local\Temp\surefire7365189658478124679\surefirebooter-20241027230641260_3.jar"/>
    <property name="user.script" value=""/>
    <property name="sun.management.compiler" value="HotSpot 64-Bit Tiered Compilers"/>
    <property name="java.runtime.version" value="17.0.12+8-LTS-286"/>
    <property name="user.name" value="isaia"/>
    <property name="path.separator" value=";"/>
    <property name="os.version" value="10.0"/>
    <property name="java.runtime.name" value="Java(TM) SE Runtime Environment"/>
    <property name="file.encoding" value="Cp1252"/>
    <property name="java.vm.name" value="Java HotSpot(TM) 64-Bit Server VM"/>
    <property name="localRepository" value="C:\Users\isaia\.m2\repository"/>
    <property name="java.vendor.url.bug" value="https://bugreport.java.com/bugreport/"/>
    <property name="java.io.tmpdir" value="C:\Users\isaia\AppData\Local\Temp\"/>
    <property name="quarkus.log.file.path" value="target\quarkus.log"/>
    <property name="java.version" value="17.0.12"/>
    <property name="java.util.concurrent.ForkJoinPool.common.threadFactory" value="io.quarkus.bootstrap.forkjoin.QuarkusForkJoinWorkerThreadFactory"/>
    <property name="user.dir" value="C:\Users\isaia\OneDrive\Desktop\quarkus-api"/>
    <property name="os.arch" value="amd64"/>
    <property name="java.vm.specification.name" value="Java Virtual Machine Specification"/>
    <property name="vertx.disableDnsResolver" value="true"/>
    <property name="sun.os.patch.level" value=""/>
    <property name="native.encoding" value="Cp1252"/>
    <property name="java.util.logging.manager" value="org.jboss.logmanager.LogManager"/>
    <property name="java.library.path" value="C:\Program Files\Java\jdk-17\bin;C:\Windows\Sun\Java\bin;C:\Windows\system32;C:\Windows;C:\Program Files (x86)\VMware\VMware Workstation\bin\;C:\Program Files\Common Files\Oracle\Java\javapath;C:\Program Files (x86)\Common Files\Oracle\Java\java8path;C:\Program Files (x86)\Common Files\Oracle\Java\javapath;C:\Windows\system32;C:\Windows;C:\Windows\System32\Wbem;C:\Windows\System32\WindowsPowerShell\v1.0\;C:\Windows\System32\OpenSSH\;C:\Program Files (x86)\NVIDIA Corporation\PhysX\Common;C:\Program Files\NVIDIA Corporation\NVIDIA NvDLISR;C:\Program Files\Microsoft SQL Server\150\Tools\Binn\;C:\Program Files\Microsoft SQL Server\Client SDK\ODBC\170\Tools\Binn\;C:\Program Files\dotnet\;C:\Program Files\Git\cmd;C:\Program Files (x86)\Microsoft SQL Server\160\Tools\Binn\;C:\Program Files\Microsoft SQL Server\160\Tools\Binn\;C:\Program Files\Microsoft SQL Server\160\DTS\Binn\;C:\Program Files\nodejs\;C:\Program Files (x86)\Microsoft SQL Server\160\DTS\Binn\;C:\Program Files\LLVM\bin;C:\Program Files\Docker\Docker\resources\bin;C:\Program Files\PuTTY\;%JAVA_HOME%\bin;%MAVEN_HOME%\bin;%M2_HOME%\bin;C:\Program Files\apache-maven-3.9.9\bin;C:\Users\isaia\.jbang\bin;C:\Users\isaia\OneDrive\Desktop\emsdk;C:\Users\isaia\OneDrive\Desktop\emsdk\upstream\emscripten;C:\Users\isaia\AppData\Local\Programs\Python\Python312\Scripts\;C:\Users\isaia\AppData\Local\Programs\Python\Python312\;C:\Users\isaia\AppData\Local\Programs\Python\Launcher\;C:\Users\isaia\AppData\Local\Microsoft\WindowsApps;C:\Users\isaia\.dotnet\tools;C:\Users\isaia\AppData\Local\Programs\Microsoft VS Code\bin;C:\Users\isaia\AppData\Roaming\npm;."/>
    <property name="java.vm.info" value="mixed mode, sharing"/>
    <property name="java.vendor" value="Oracle Corporation"/>
    <property name="vertx.disableTCCL" value="true"/>
    <property name="java.vm.version" value="17.0.12+8-LTS-286"/>
    <property name="sun.io.unicode.encoding" value="UnicodeLittle"/>
    <property name="io.netty.machineId" value="1b:90:3d:91:9a:e8:47:6a"/>
    <property name="java.class.version" value="61.0"/>
  </properties>
  <testcase name="testHelloEndpoint" classname="org.acme.GreetingResourceTest" time="1.549">
    <system-out><![CDATA[2024-10-27 23:06:46,568 WARN  [io.qua.config] (main) Unrecognized configuration key "quarkus.rest-client-reactive.notification-api.url" was provided; it will be ignored; verify that the dependency extension for this configuration is set or that you did not make a typo
2024-10-27 23:06:46,570 WARN  [io.qua.config] (main) Unrecognized configuration key "quarkus.http.cors.credentials" was provided; it will be ignored; verify that the dependency extension for this configuration is set or that you did not make a typo
2024-10-27 23:06:49,400 INFO  [io.quarkus] (main) quarkus-api 1.0.0-SNAPSHOT on JVM (powered by Quarkus 3.14.4) started in 6.115s. Listening on: http://0.0.0.0:8081
2024-10-27 23:06:49,401 INFO  [io.quarkus] (main) Profile test activated. 
2024-10-27 23:06:49,401 INFO  [io.quarkus] (main) Installed features: [agroal, cdi, hibernate-orm, hibernate-orm-panache, jdbc-postgresql, narayana-jta, rest, rest-client, rest-client-jackson, rest-jackson, security, smallrye-context-propagation, smallrye-health, smallrye-jwt, vertx]
]]></system-out>
  </testcase>
</testsuite>